<?xml version="1.0" encoding="UTF-8"?>
<!-- Generated by org.testng.reporters.JUnitReportReporter -->
<testsuite hostname="BLD" failures="0" tests="1" name="firsttestngpackage.TestNGfile" time="1.501" errors="0" timestamp="2022-04-16T08:46:22 EDT" skipped="0">
  <testcase classname="firsttestngpackage.TestNGfile" name="verifyHomepageTitle" time="1.501"/>
  <system-out/>
</testsuite> <!-- firsttestngpackage.TestNGfile -->
