<?xml version="1.0" encoding="UTF-8"?>
<!-- Generated by org.testng.reporters.JUnitReportReporter -->
<testsuite hostname="BLD" failures="0" tests="1" name="firsttestngpackage.TestNGfile" time="3.384" errors="0" timestamp="2022-04-16T21:23:58 EDT" skipped="0">
  <testcase classname="firsttestngpackage.TestNGfile" name="shoppingAutomation" time="3.384"/>
  <system-out/>
</testsuite> <!-- firsttestngpackage.TestNGfile -->
