<?xml version="1.0" encoding="UTF-8"?>
<!-- Generated by org.testng.reporters.JUnitReportReporter -->
<testsuite hostname="BLD" failures="0" tests="1" name="firsttestngpackage.TestNGfile" time="4.581" errors="0" timestamp="2022-04-16T12:25:47 EDT" skipped="0">
  <testcase classname="firsttestngpackage.TestNGfile" name="expediaAutoBook" time="4.581"/>
  <system-out/>
</testsuite> <!-- firsttestngpackage.TestNGfile -->
